<?xml version="1.0" encoding="UTF-8"?>
<!-- Generated by org.testng.reporters.JUnitReportReporter -->
<testsuite hostname="A2ML18523" name="startbootstrap.project.AppTest" tests="1" failures="0" timestamp="14 Feb 2020 08:48:18 GMT" time="8.489" errors="0">
  <testcase name="test" time="8.489" classname="startbootstrap.project.AppTest"/>
</testsuite> <!-- startbootstrap.project.AppTest -->
